<?xml version="1.0" encoding="UTF-8"?>
<!-- Generated by org.testng.reporters.JUnitReportReporter -->
<testsuite skipped="3" hostname="Suresh" name="com.crm.qa.testcases.ContactsNewPageTest" tests="5" failures="0" timestamp="2020-03-12T23:32:23 IST" time="35.801" errors="2">
  <testcase name="AddNewContact" time="20.064" classname="com.crm.qa.testcases.ContactsNewPageTest">
    <skipped/>
  </testcase> <!-- AddNewContact -->
  <system-out/>
  <testcase name="AddNewContact" time="0.000" classname="com.crm.qa.testcases.ContactsNewPageTest">
    <skipped/>
  </testcase> <!-- AddNewContact -->
  <system-out/>
  <testcase name="AddNewContact" time="0.014" classname="com.crm.qa.testcases.ContactsNewPageTest">
    <error type="java.lang.NullPointerException">
      <![CDATA[java.lang.NullPointerException
at com.crm.qa.testcases.ContactsNewPageTest.AddNewContact(ContactsNewPageTest.java:52)
at sun.reflect.NativeMethodAccessorImpl.invoke0(Native Method)
at sun.reflect.NativeMethodAccessorImpl.invoke(Unknown Source)
at sun.reflect.DelegatingMethodAccessorImpl.invoke(Unknown Source)
at java.lang.reflect.Method.invoke(Unknown Source)
at org.testng.internal.MethodInvocationHelper.invokeMethod(MethodInvocationHelper.java:134)
at org.testng.internal.TestInvoker.invokeMethod(TestInvoker.java:597)
at org.testng.internal.TestInvoker.invokeTestMethod(TestInvoker.java:173)
at org.testng.internal.MethodRunner.runInSequence(MethodRunner.java:46)
at org.testng.internal.TestInvoker$MethodInvocationAgent.invoke(TestInvoker.java:816)
at org.testng.internal.TestInvoker.invokeTestMethods(TestInvoker.java:146)
at org.testng.internal.TestMethodWorker.invokeTestMethods(TestMethodWorker.java:146)
at org.testng.internal.TestMethodWorker.run(TestMethodWorker.java:128)
at java.util.ArrayList.forEach(Unknown Source)
at org.testng.TestRunner.privateRun(TestRunner.java:766)
at org.testng.TestRunner.run(TestRunner.java:587)
at org.testng.SuiteRunner.runTest(SuiteRunner.java:384)
at org.testng.SuiteRunner.runSequentially(SuiteRunner.java:378)
at org.testng.SuiteRunner.privateRun(SuiteRunner.java:337)
at org.testng.SuiteRunner.run(SuiteRunner.java:286)
at org.testng.SuiteRunnerWorker.runSuite(SuiteRunnerWorker.java:53)
at org.testng.SuiteRunnerWorker.run(SuiteRunnerWorker.java:96)
at org.testng.TestNG.runSuitesSequentially(TestNG.java:1187)
at org.testng.TestNG.runSuitesLocally(TestNG.java:1109)
at org.testng.TestNG.runSuites(TestNG.java:1039)
at org.testng.TestNG.run(TestNG.java:1007)
at org.testng.remote.AbstractRemoteTestNG.run(AbstractRemoteTestNG.java:115)
at org.testng.remote.RemoteTestNG.initAndRun(RemoteTestNG.java:251)
at org.testng.remote.RemoteTestNG.main(RemoteTestNG.java:77)
]]>
    </error>
  </testcase> <!-- AddNewContact -->
  <system-out/>
  <testcase name="setUp" time="15.723" classname="com.crm.qa.testcases.ContactsNewPageTest">
    <error type="org.openqa.selenium.SessionNotCreatedException" message="session not created
from chrome not reachable
  (Session info: chrome=80.0.3987.132)
Build info: version: &#039;3.141.59&#039;, revision: &#039;e82be7d358&#039;, time: &#039;2018-11-14T08:17:03&#039;
System info: host: &#039;SURESH&#039;, ip: &#039;192.168.42.242&#039;, os.name: &#039;Windows 10&#039;, os.arch: &#039;amd64&#039;, os.version: &#039;10.0&#039;, java.version: &#039;1.8.0_241&#039;
Driver info: driver.version: ChromeDriver
remote stacktrace: Backtrace:
	Ordinal0 [0x00D00C83+1707139]
	Ordinal0 [0x00C668F1+1075441]
	Ordinal0 [0x00BDDE72+515698]
	Ordinal0 [0x00BD7CA8+490664]
	Ordinal0 [0x00BD839B+492443]
	Ordinal0 [0x00BD92F5+496373]
	Ordinal0 [0x00BD4F05+478981]
	Ordinal0 [0x00BDECA0+519328]
	Ordinal0 [0x00B8CA67+182887]
	Ordinal0 [0x00B8BDDD+179677]
	Ordinal0 [0x00B89D4B+171339]
	Ordinal0 [0x00B71D4A+73034]
	Ordinal0 [0x00B72DC0+77248]
	Ordinal0 [0x00B72D59+77145]
	Ordinal0 [0x00C7BB67+1162087]
	GetHandleVerifier [0x00D9A966+508998]
	GetHandleVerifier [0x00D9A6A4+508292]
	GetHandleVerifier [0x00DAF7B7+594583]
	GetHandleVerifier [0x00D9B1D6+511158]
	Ordinal0 [0x00C7402C+1130540]
	Ordinal0 [0x00C7D4CB+1168587]
	Ordinal0 [0x00C7D633+1168947]
	Ordinal0 [0x00C95B35+1268533]
	BaseThreadInitThunk [0x760B6359+25]
	RtlGetAppContainerNamedObjectPath [0x77967B74+228]
	RtlGetAppContainerNamedObjectPath [0x77967B44+180]
">
      <![CDATA[org.openqa.selenium.SessionNotCreatedException: session not created
from chrome not reachable
  (Session info: chrome=80.0.3987.132)
Build info: version: '3.141.59', revision: 'e82be7d358', time: '2018-11-14T08:17:03'
System info: host: 'SURESH', ip: '192.168.42.242', os.name: 'Windows 10', os.arch: 'amd64', os.version: '10.0', java.version: '1.8.0_241'
Driver info: driver.version: ChromeDriver
remote stacktrace: Backtrace:
Ordinal0 [0x00D00C83+1707139]
Ordinal0 [0x00C668F1+1075441]
Ordinal0 [0x00BDDE72+515698]
Ordinal0 [0x00BD7CA8+490664]
Ordinal0 [0x00BD839B+492443]
Ordinal0 [0x00BD92F5+496373]
Ordinal0 [0x00BD4F05+478981]
Ordinal0 [0x00BDECA0+519328]
Ordinal0 [0x00B8CA67+182887]
Ordinal0 [0x00B8BDDD+179677]
Ordinal0 [0x00B89D4B+171339]
Ordinal0 [0x00B71D4A+73034]
Ordinal0 [0x00B72DC0+77248]
Ordinal0 [0x00B72D59+77145]
Ordinal0 [0x00C7BB67+1162087]
GetHandleVerifier [0x00D9A966+508998]
GetHandleVerifier [0x00D9A6A4+508292]
GetHandleVerifier [0x00DAF7B7+594583]
GetHandleVerifier [0x00D9B1D6+511158]
Ordinal0 [0x00C7402C+1130540]
Ordinal0 [0x00C7D4CB+1168587]
Ordinal0 [0x00C7D633+1168947]
Ordinal0 [0x00C95B35+1268533]
BaseThreadInitThunk [0x760B6359+25]
RtlGetAppContainerNamedObjectPath [0x77967B74+228]
RtlGetAppContainerNamedObjectPath [0x77967B44+180]

at sun.reflect.NativeConstructorAccessorImpl.newInstance0(Native Method)
at sun.reflect.NativeConstructorAccessorImpl.newInstance(Unknown Source)
at sun.reflect.DelegatingConstructorAccessorImpl.newInstance(Unknown Source)
at java.lang.reflect.Constructor.newInstance(Unknown Source)
at org.openqa.selenium.remote.W3CHandshakeResponse.lambda$errorHandler$0(W3CHandshakeResponse.java:62)
at org.openqa.selenium.remote.HandshakeResponse.lambda$getResponseFunction$0(HandshakeResponse.java:30)
at org.openqa.selenium.remote.ProtocolHandshake.lambda$createSession$0(ProtocolHandshake.java:126)
at java.util.stream.ReferencePipeline$3$1.accept(Unknown Source)
at java.util.Spliterators$ArraySpliterator.tryAdvance(Unknown Source)
at java.util.stream.ReferencePipeline.forEachWithCancel(Unknown Source)
at java.util.stream.AbstractPipeline.copyIntoWithCancel(Unknown Source)
at java.util.stream.AbstractPipeline.copyInto(Unknown Source)
at java.util.stream.AbstractPipeline.wrapAndCopyInto(Unknown Source)
at java.util.stream.FindOps$FindOp.evaluateSequential(Unknown Source)
at java.util.stream.AbstractPipeline.evaluate(Unknown Source)
at java.util.stream.ReferencePipeline.findFirst(Unknown Source)
at org.openqa.selenium.remote.ProtocolHandshake.createSession(ProtocolHandshake.java:128)
at org.openqa.selenium.remote.ProtocolHandshake.createSession(ProtocolHandshake.java:74)
at org.openqa.selenium.remote.HttpCommandExecutor.execute(HttpCommandExecutor.java:136)
at org.openqa.selenium.remote.service.DriverCommandExecutor.execute(DriverCommandExecutor.java:83)
at org.openqa.selenium.remote.RemoteWebDriver.execute(RemoteWebDriver.java:552)
at org.openqa.selenium.remote.RemoteWebDriver.startSession(RemoteWebDriver.java:213)
at org.openqa.selenium.remote.RemoteWebDriver.<init>(RemoteWebDriver.java:131)
at org.openqa.selenium.chrome.ChromeDriver.<init>(ChromeDriver.java:181)
at org.openqa.selenium.chrome.ChromeDriver.<init>(ChromeDriver.java:168)
at org.openqa.selenium.chrome.ChromeDriver.<init>(ChromeDriver.java:123)
at com.crm.qa.base.TestBase.initalization(TestBase.java:49)
at com.crm.qa.testcases.ContactsNewPageTest.setUp(ContactsNewPageTest.java:31)
at sun.reflect.NativeMethodAccessorImpl.invoke0(Native Method)
at sun.reflect.NativeMethodAccessorImpl.invoke(Unknown Source)
at sun.reflect.DelegatingMethodAccessorImpl.invoke(Unknown Source)
at java.lang.reflect.Method.invoke(Unknown Source)
at org.testng.internal.MethodInvocationHelper.invokeMethod(MethodInvocationHelper.java:134)
at org.testng.internal.MethodInvocationHelper.invokeMethodConsideringTimeout(MethodInvocationHelper.java:63)
at org.testng.internal.ConfigInvoker.invokeConfigurationMethod(ConfigInvoker.java:348)
at org.testng.internal.ConfigInvoker.invokeConfigurations(ConfigInvoker.java:302)
at org.testng.internal.TestInvoker.runConfigMethods(TestInvoker.java:695)
at org.testng.internal.TestInvoker.invokeMethod(TestInvoker.java:523)
at org.testng.internal.TestInvoker.invokeTestMethod(TestInvoker.java:173)
at org.testng.internal.MethodRunner.runInSequence(MethodRunner.java:46)
at org.testng.internal.TestInvoker$MethodInvocationAgent.invoke(TestInvoker.java:816)
at org.testng.internal.TestInvoker.invokeTestMethods(TestInvoker.java:146)
at org.testng.internal.TestMethodWorker.invokeTestMethods(TestMethodWorker.java:146)
at org.testng.internal.TestMethodWorker.run(TestMethodWorker.java:128)
at java.util.ArrayList.forEach(Unknown Source)
at org.testng.TestRunner.privateRun(TestRunner.java:766)
at org.testng.TestRunner.run(TestRunner.java:587)
at org.testng.SuiteRunner.runTest(SuiteRunner.java:384)
at org.testng.SuiteRunner.runSequentially(SuiteRunner.java:378)
at org.testng.SuiteRunner.privateRun(SuiteRunner.java:337)
at org.testng.SuiteRunner.run(SuiteRunner.java:286)
at org.testng.SuiteRunnerWorker.runSuite(SuiteRunnerWorker.java:53)
at org.testng.SuiteRunnerWorker.run(SuiteRunnerWorker.java:96)
at org.testng.TestNG.runSuitesSequentially(TestNG.java:1187)
at org.testng.TestNG.runSuitesLocally(TestNG.java:1109)
at org.testng.TestNG.runSuites(TestNG.java:1039)
at org.testng.TestNG.run(TestNG.java:1007)
at org.testng.remote.AbstractRemoteTestNG.run(AbstractRemoteTestNG.java:115)
at org.testng.remote.RemoteTestNG.initAndRun(RemoteTestNG.java:251)
at org.testng.remote.RemoteTestNG.main(RemoteTestNG.java:77)
]]>
    </error>
  </testcase> <!-- setUp -->
  <system-out/>
  <testcase name="AddNewContact" time="0.000" classname="com.crm.qa.testcases.ContactsNewPageTest">
    <skipped/>
  </testcase> <!-- AddNewContact -->
  <system-out/>
</testsuite> <!-- com.crm.qa.testcases.ContactsNewPageTest -->
